setting 'ivy.default.settings.dir' to 'jar:file:/home/dalek49/Documents/koans/scala/sbt-launch.jar!/org/apache/ivy/core/settings'
setting 'ivy.basedir' to '/home/dalek49/Documents/koans/scala/.'
setting 'ivy.default.conf.dir' to 'jar:file:/home/dalek49/Documents/koans/scala/sbt-launch.jar!/org/apache/ivy/core/settings'
impossible to define new type: class not found: org.apache.ivy.plugins.resolver.SshResolver in [] nor Ivy classloader
impossible to define new type: class not found: org.apache.ivy.plugins.resolver.VsftpResolver in [] nor Ivy classloader
impossible to define new type: class not found: org.apache.ivy.plugins.version.PatternVersionMatcher in [] nor Ivy classloader
impossible to define new type: class not found: org.apache.ivy.plugins.trigger.LogTrigger in [] nor Ivy classloader
impossible to define new type: class not found: org.apache.ivy.ant.AntBuildTrigger in [] nor Ivy classloader
impossible to define new type: class not found: org.apache.ivy.plugins.resolver.IvyRepResolver in [] nor Ivy classloader
impossible to define new type: class not found: org.apache.ivy.plugins.signer.bouncycastle.OpenPGPSignatureGenerator in [] nor Ivy classloader
impossible to define new type: class not found: org.apache.ivy.plugins.conflict.RegexpConflictManager in [] nor Ivy classloader
impossible to define new type: class not found: org.apache.ivy.plugins.resolver.SFTPResolver in [] nor Ivy classloader
impossible to define new type: class not found: org.apache.ivy.osgi.updatesite.UpdateSiteResolver in [] nor Ivy classloader
impossible to define new type: class not found: org.apache.ivy.ant.AntCallTrigger in [] nor Ivy classloader
impossible to define new type: class not found: org.apache.ivy.plugins.resolver.MirroredURLResolver in [] nor Ivy classloader
impossible to define new type: class not found: org.apache.ivy.plugins.resolver.packager.PackagerResolver in [] nor Ivy classloader
impossible to define new type: class not found: org.apache.ivy.plugins.resolver.DualResolver in [] nor Ivy classloader
impossible to define new type: class not found: org.apache.ivy.plugins.resolver.VfsResolver in [] nor Ivy classloader
impossible to define new type: class not found: org.apache.ivy.plugins.resolver.JarResolver in [] nor Ivy classloader
impossible to define new type: class not found: org.apache.ivy.osgi.obr.OBRResolver in [] nor Ivy classloader
impossible to define glob matcher: org.apache.ivy.plugins.matcher.GlobPatternMatcher was not found.
setting 'sbt.ivy.home' to './ivyrepo'
setting 'java.runtime.name' to 'Java(TM) SE Runtime Environment'
setting 'sun.boot.library.path' to '/usr/lib/jvm/java-7-oracle/jre/lib/amd64'
setting 'java.vm.version' to '23.25-b01'
setting 'java.vm.vendor' to 'Oracle Corporation'
setting 'java.vendor.url' to 'http://java.oracle.com/'
setting 'path.separator' to ':'
setting 'java.vm.name' to 'Java HotSpot(TM) 64-Bit Server VM'
setting 'file.encoding.pkg' to 'sun.io'
setting 'user.country' to 'US'
setting 'sun.java.launcher' to 'SUN_STANDARD'
setting 'sun.os.patch.level' to 'unknown'
setting 'java.vm.specification.name' to 'Java Virtual Machine Specification'
setting 'user.dir' to '/home/dalek49/Documents/koans/scala'
setting 'java.runtime.version' to '1.7.0_25-b15'
setting 'java.awt.graphicsenv' to 'sun.awt.X11GraphicsEnvironment'
setting 'java.endorsed.dirs' to '/usr/lib/jvm/java-7-oracle/jre/lib/endorsed'
setting 'os.arch' to 'amd64'
setting 'java.io.tmpdir' to '/tmp'
setting 'line.separator' to '
'
setting 'java.vm.specification.vendor' to 'Oracle Corporation'
setting 'os.name' to 'Linux'
setting 'sun.jnu.encoding' to 'UTF-8'
setting 'java.library.path' to '/usr/java/packages/lib/amd64:/usr/lib64:/lib64:/lib:/usr/lib'
setting 'java.specification.name' to 'Java Platform API Specification'
setting 'java.class.version' to '51.0'
setting 'sun.management.compiler' to 'HotSpot 64-Bit Tiered Compilers'
setting 'os.version' to '3.2.0-37-generic'
setting 'user.home' to '/home/dalek49'
setting 'user.timezone' to 'America/Denver'
setting 'java.awt.printerjob' to 'sun.print.PSPrinterJob'
setting 'file.encoding' to 'UTF8'
setting 'java.specification.version' to '1.7'
setting 'java.class.path' to './sbt-launch.jar'
setting 'user.name' to 'dalek49'
setting 'java.vm.specification.version' to '1.7'
setting 'sun.java.command' to './sbt-launch.jar'
setting 'java.home' to '/usr/lib/jvm/java-7-oracle/jre'
setting 'sun.arch.data.model' to '64'
setting 'user.language' to 'en'
setting 'java.specification.vendor' to 'Oracle Corporation'
setting 'awt.toolkit' to 'sun.awt.X11.XToolkit'
setting 'java.vm.info' to 'mixed mode'
setting 'java.version' to '1.7.0_25'
setting 'java.ext.dirs' to '/usr/lib/jvm/java-7-oracle/jre/lib/ext:/usr/java/packages/lib/ext'
setting 'sun.boot.class.path' to '/usr/lib/jvm/java-7-oracle/jre/lib/resources.jar:/usr/lib/jvm/java-7-oracle/jre/lib/rt.jar:/usr/lib/jvm/java-7-oracle/jre/lib/sunrsasign.jar:/usr/lib/jvm/java-7-oracle/jre/lib/jsse.jar:/usr/lib/jvm/java-7-oracle/jre/lib/jce.jar:/usr/lib/jvm/java-7-oracle/jre/lib/charsets.jar:/usr/lib/jvm/java-7-oracle/jre/lib/jfr.jar:/usr/lib/jvm/java-7-oracle/jre/classes'
setting 'java.vendor' to 'Oracle Corporation'
setting 'file.separator' to '/'
setting 'java.vendor.url.bug' to 'http://bugreport.sun.com/bugreport/'
setting 'sun.io.unicode.encoding' to 'UnicodeLittle'
setting 'sun.cpu.endian' to 'little'
setting 'sbt.boot.directory' to './sbtboot'
setting 'sun.cpu.isalist' to ''
setting 'ivy.default.ivy.user.dir' to '/home/dalek49/Documents/koans/scala/ivyrepo'
setting 'ivy.home' to '/home/dalek49/Documents/koans/scala/ivyrepo'
setting 'ivy.cache.dir' to '/home/dalek49/Documents/koans/scala/ivyrepo/cache'
no default cache defined: set to /home/dalek49/Documents/koans/scala/ivyrepo/cache
setting 'ivy.checksums' to 'sha1,md5'
setting 'ivy.basedir' to '/home/dalek49/Documents/koans/scala/sbtboot'
setting 'basedir' to '/home/dalek49/Documents/koans/scala/sbtboot'
setting 'scala' to '2.10.2'
:: resolving dependencies :: org.scala-sbt#boot-scala;1.0
	confs: [default]
	validate = true
	refresh = false
resolving dependencies for configuration 'default'
== resolving dependencies for org.scala-sbt#boot-scala;1.0 [default]
loadData of org.scala-sbt#boot-scala;1.0 of rootConf=default
== resolving dependencies org.scala-sbt#boot-scala;1.0->org.scala-lang#scala-compiler;2.10.2 [default->default]
loadData of org.scala-lang#scala-compiler;2.10.2 of rootConf=default
	using redefined-public to resolve org.scala-lang#scala-compiler;2.10.2
redefined-public: Checking cache for: dependency: org.scala-lang#scala-compiler;2.10.2 {default=[default, optional(default)]}
redefined-public: no namespace defined: using system
	no ivy file in cache for org.scala-lang#scala-compiler;2.10.2: tried /home/dalek49/Documents/koans/scala/ivyrepo/cache/org.scala-lang/scala-compiler/ivy-2.10.2.xml
redefined-public: no latest strategy defined: using default
local: no namespace defined: using system
	no ivy file in cache for org.scala-lang#scala-compiler;2.10.2: tried /home/dalek49/Documents/koans/scala/ivyrepo/cache/org.scala-lang/scala-compiler/ivy-2.10.2.xml
	 trying /home/dalek49/Documents/koans/scala/ivyrepo/local/org.scala-lang/scala-compiler/2.10.2/ivys/ivy.xml
		tried /home/dalek49/Documents/koans/scala/ivyrepo/local/org.scala-lang/scala-compiler/2.10.2/ivys/ivy.xml
	local: resource not reachable for org.scala-lang#scala-compiler;2.10.2: res=/home/dalek49/Documents/koans/scala/ivyrepo/local/org.scala-lang/scala-compiler/2.10.2/ivys/ivy.xml
	local: no ivy file found for org.scala-lang#scala-compiler;2.10.2
typesafe-ivy-releases: no namespace defined: using system
	no ivy file in cache for org.scala-lang#scala-compiler;2.10.2: tried /home/dalek49/Documents/koans/scala/ivyrepo/cache/org.scala-lang/scala-compiler/ivy-2.10.2.xml
	 trying http://repo.typesafe.com/typesafe/ivy-releases/org.scala-lang/scala-compiler/2.10.2/ivys/ivy.xml
		tried http://repo.typesafe.com/typesafe/ivy-releases/org.scala-lang/scala-compiler/2.10.2/ivys/ivy.xml
HTTP response status: 404 url=http://repo.typesafe.com/typesafe/ivy-releases/org.scala-lang/scala-compiler/2.10.2/ivys/ivy.xml
CLIENT ERROR: Not Found url=http://repo.typesafe.com/typesafe/ivy-releases/org.scala-lang/scala-compiler/2.10.2/ivys/ivy.xml
	typesafe-ivy-releases: resource not reachable for org.scala-lang#scala-compiler;2.10.2: res=http://repo.typesafe.com/typesafe/ivy-releases/org.scala-lang/scala-compiler/2.10.2/ivys/ivy.xml
	typesafe-ivy-releases: no ivy file found for org.scala-lang#scala-compiler;2.10.2
Maven Central: no namespace defined: using system
	no ivy file in cache for org.scala-lang#scala-compiler;2.10.2: tried /home/dalek49/Documents/koans/scala/ivyrepo/cache/org.scala-lang/scala-compiler/ivy-2.10.2.xml
	 trying http://repo1.maven.org/maven2/org/scala-lang/scala-compiler/2.10.2/scala-compiler-2.10.2.pom
		tried http://repo1.maven.org/maven2/org/scala-lang/scala-compiler/2.10.2/scala-compiler-2.10.2.pom
	Maven Central: found md file for org.scala-lang#scala-compiler;2.10.2
		=> http://repo1.maven.org/maven2/org/scala-lang/scala-compiler/2.10.2/scala-compiler-2.10.2.pom (2.10.2)
	parser = pom parser
	no ivy file in cache for org.scala-lang#scala-compiler;2.10.2: tried /home/dalek49/Documents/koans/scala/ivyrepo/cache/org.scala-lang/scala-compiler/ivy-2.10.2.xml
downloading http://repo1.maven.org/maven2/org/scala-lang/scala-compiler/2.10.2/scala-compiler-2.10.2.pom ...
	Maven Central: downloading http://repo1.maven.org/maven2/org/scala-lang/scala-compiler/2.10.2/scala-compiler-2.10.2.pom
		to /home/dalek49/Documents/koans/scala/ivyrepo/cache/org.scala-lang/scala-compiler/ivy-2.10.2.xml.original.part
sha1 file found for http://repo1.maven.org/maven2/org/scala-lang/scala-compiler/2.10.2/scala-compiler-2.10.2.pom: checking...
	Maven Central: downloading http://repo1.maven.org/maven2/org/scala-lang/scala-compiler/2.10.2/scala-compiler-2.10.2.pom.sha1
		to /tmp/ivytmp5399560469025566401sha1
sha1 OK for http://repo1.maven.org/maven2/org/scala-lang/scala-compiler/2.10.2/scala-compiler-2.10.2.pom
	[SUCCESSFUL ] org.scala-lang#scala-compiler;2.10.2!scala-compiler.pom(pom.original) (212ms)
	 trying /home/dalek49/Documents/koans/scala/ivyrepo/local/org.scala-lang/scala-compiler/2.10.2/jars/scala-compiler.jar
		tried /home/dalek49/Documents/koans/scala/ivyrepo/local/org.scala-lang/scala-compiler/2.10.2/jars/scala-compiler.jar
	local: resource not reachable for org.scala-lang#scala-compiler;2.10.2: res=/home/dalek49/Documents/koans/scala/ivyrepo/local/org.scala-lang/scala-compiler/2.10.2/jars/scala-compiler.jar
	 trying http://repo.typesafe.com/typesafe/ivy-releases/org.scala-lang/scala-compiler/2.10.2/jars/scala-compiler.jar
		tried http://repo.typesafe.com/typesafe/ivy-releases/org.scala-lang/scala-compiler/2.10.2/jars/scala-compiler.jar
HTTP response status: 404 url=http://repo.typesafe.com/typesafe/ivy-releases/org.scala-lang/scala-compiler/2.10.2/jars/scala-compiler.jar
CLIENT ERROR: Not Found url=http://repo.typesafe.com/typesafe/ivy-releases/org.scala-lang/scala-compiler/2.10.2/jars/scala-compiler.jar
	typesafe-ivy-releases: resource not reachable for org.scala-lang#scala-compiler;2.10.2: res=http://repo.typesafe.com/typesafe/ivy-releases/org.scala-lang/scala-compiler/2.10.2/jars/scala-compiler.jar
	 trying http://repo1.maven.org/maven2/org/scala-lang/scala-compiler/2.10.2/scala-compiler-2.10.2.jar
		tried http://repo1.maven.org/maven2/org/scala-lang/scala-compiler/2.10.2/scala-compiler-2.10.2.jar
no source artifact found for org.scala-lang#scala-compiler;2.10.2
no javadoc artifact found for org.scala-lang#scala-compiler;2.10.2
	default-cache: parsed downloaded md file for org.scala-lang#scala-compiler;2.10.2; parsed=org.scala-lang#scala-compiler;2.10.2
	checking org.scala-lang#scala-compiler;2.10.2 from Maven Central against [none]
	module revision kept as first found: org.scala-lang#scala-compiler;2.10.2 from Maven Central
	found org.scala-lang#scala-compiler;2.10.2 in Maven Central
== resolving dependencies org.scala-sbt#boot-scala;1.0->org.scala-lang#scala-compiler;2.10.2 [default->runtime]
loadData of org.scala-lang#scala-compiler;2.10.2 of rootConf=default
== resolving dependencies org.scala-sbt#boot-scala;1.0->org.scala-lang#scala-compiler;2.10.2 [default->compile]
loadData of org.scala-lang#scala-compiler;2.10.2 of rootConf=default
== resolving dependencies org.scala-lang#scala-compiler;2.10.2->org.scala-lang#scala-library;2.10.2 [compile->master(*)]
loadData of org.scala-lang#scala-library;2.10.2 of rootConf=default
	using redefined-public to resolve org.scala-lang#scala-library;2.10.2
redefined-public: Checking cache for: dependency: org.scala-lang#scala-library;2.10.2 {compile=[compile(*), master(*)], runtime=[runtime(*)]}
	no ivy file in cache for org.scala-lang#scala-library;2.10.2: tried /home/dalek49/Documents/koans/scala/ivyrepo/cache/org.scala-lang/scala-library/ivy-2.10.2.xml
	no ivy file in cache for org.scala-lang#scala-library;2.10.2: tried /home/dalek49/Documents/koans/scala/ivyrepo/cache/org.scala-lang/scala-library/ivy-2.10.2.xml
	 trying /home/dalek49/Documents/koans/scala/ivyrepo/local/org.scala-lang/scala-library/2.10.2/ivys/ivy.xml
		tried /home/dalek49/Documents/koans/scala/ivyrepo/local/org.scala-lang/scala-library/2.10.2/ivys/ivy.xml
	local: resource not reachable for org.scala-lang#scala-library;2.10.2: res=/home/dalek49/Documents/koans/scala/ivyrepo/local/org.scala-lang/scala-library/2.10.2/ivys/ivy.xml
	local: no ivy file found for org.scala-lang#scala-library;2.10.2
	no ivy file in cache for org.scala-lang#scala-library;2.10.2: tried /home/dalek49/Documents/koans/scala/ivyrepo/cache/org.scala-lang/scala-library/ivy-2.10.2.xml
	 trying http://repo.typesafe.com/typesafe/ivy-releases/org.scala-lang/scala-library/2.10.2/ivys/ivy.xml
		tried http://repo.typesafe.com/typesafe/ivy-releases/org.scala-lang/scala-library/2.10.2/ivys/ivy.xml
HTTP response status: 404 url=http://repo.typesafe.com/typesafe/ivy-releases/org.scala-lang/scala-library/2.10.2/ivys/ivy.xml
CLIENT ERROR: Not Found url=http://repo.typesafe.com/typesafe/ivy-releases/org.scala-lang/scala-library/2.10.2/ivys/ivy.xml
	typesafe-ivy-releases: resource not reachable for org.scala-lang#scala-library;2.10.2: res=http://repo.typesafe.com/typesafe/ivy-releases/org.scala-lang/scala-library/2.10.2/ivys/ivy.xml
	typesafe-ivy-releases: no ivy file found for org.scala-lang#scala-library;2.10.2
	no ivy file in cache for org.scala-lang#scala-library;2.10.2: tried /home/dalek49/Documents/koans/scala/ivyrepo/cache/org.scala-lang/scala-library/ivy-2.10.2.xml
	 trying http://repo1.maven.org/maven2/org/scala-lang/scala-library/2.10.2/scala-library-2.10.2.pom
		tried http://repo1.maven.org/maven2/org/scala-lang/scala-library/2.10.2/scala-library-2.10.2.pom
	Maven Central: found md file for org.scala-lang#scala-library;2.10.2
		=> http://repo1.maven.org/maven2/org/scala-lang/scala-library/2.10.2/scala-library-2.10.2.pom (2.10.2)
	parser = pom parser
	no ivy file in cache for org.scala-lang#scala-library;2.10.2: tried /home/dalek49/Documents/koans/scala/ivyrepo/cache/org.scala-lang/scala-library/ivy-2.10.2.xml
downloading http://repo1.maven.org/maven2/org/scala-lang/scala-library/2.10.2/scala-library-2.10.2.pom ...
	Maven Central: downloading http://repo1.maven.org/maven2/org/scala-lang/scala-library/2.10.2/scala-library-2.10.2.pom
		to /home/dalek49/Documents/koans/scala/ivyrepo/cache/org.scala-lang/scala-library/ivy-2.10.2.xml.original.part
sha1 file found for http://repo1.maven.org/maven2/org/scala-lang/scala-library/2.10.2/scala-library-2.10.2.pom: checking...
	Maven Central: downloading http://repo1.maven.org/maven2/org/scala-lang/scala-library/2.10.2/scala-library-2.10.2.pom.sha1
		to /tmp/ivytmp6843326496237851233sha1
sha1 OK for http://repo1.maven.org/maven2/org/scala-lang/scala-library/2.10.2/scala-library-2.10.2.pom
	[SUCCESSFUL ] org.scala-lang#scala-library;2.10.2!scala-library.pom(pom.original) (198ms)
	 trying /home/dalek49/Documents/koans/scala/ivyrepo/local/org.scala-lang/scala-library/2.10.2/jars/scala-library.jar
		tried /home/dalek49/Documents/koans/scala/ivyrepo/local/org.scala-lang/scala-library/2.10.2/jars/scala-library.jar
	local: resource not reachable for org.scala-lang#scala-library;2.10.2: res=/home/dalek49/Documents/koans/scala/ivyrepo/local/org.scala-lang/scala-library/2.10.2/jars/scala-library.jar
	 trying http://repo.typesafe.com/typesafe/ivy-releases/org.scala-lang/scala-library/2.10.2/jars/scala-library.jar
		tried http://repo.typesafe.com/typesafe/ivy-releases/org.scala-lang/scala-library/2.10.2/jars/scala-library.jar
HTTP response status: 404 url=http://repo.typesafe.com/typesafe/ivy-releases/org.scala-lang/scala-library/2.10.2/jars/scala-library.jar
CLIENT ERROR: Not Found url=http://repo.typesafe.com/typesafe/ivy-releases/org.scala-lang/scala-library/2.10.2/jars/scala-library.jar
	typesafe-ivy-releases: resource not reachable for org.scala-lang#scala-library;2.10.2: res=http://repo.typesafe.com/typesafe/ivy-releases/org.scala-lang/scala-library/2.10.2/jars/scala-library.jar
	 trying http://repo1.maven.org/maven2/org/scala-lang/scala-library/2.10.2/scala-library-2.10.2.jar
		tried http://repo1.maven.org/maven2/org/scala-lang/scala-library/2.10.2/scala-library-2.10.2.jar
no source artifact found for org.scala-lang#scala-library;2.10.2
no javadoc artifact found for org.scala-lang#scala-library;2.10.2
	default-cache: parsed downloaded md file for org.scala-lang#scala-library;2.10.2; parsed=org.scala-lang#scala-library;2.10.2
	checking org.scala-lang#scala-library;2.10.2 from Maven Central against [none]
	module revision kept as first found: org.scala-lang#scala-library;2.10.2 from Maven Central
	found org.scala-lang#scala-library;2.10.2 in Maven Central
== resolving dependencies org.scala-lang#scala-compiler;2.10.2->org.scala-lang#scala-library;2.10.2 [compile->compile(*)]
loadData of org.scala-lang#scala-library;2.10.2 of rootConf=default
== resolving dependencies org.scala-lang#scala-compiler;2.10.2->org.scala-lang#scala-library;2.10.2 [compile->default]
loadData of org.scala-lang#scala-library;2.10.2 of rootConf=default
== resolving dependencies org.scala-lang#scala-compiler;2.10.2->org.scala-lang#scala-library;2.10.2 [compile->runtime]
loadData of org.scala-lang#scala-library;2.10.2 of rootConf=default
== resolving dependencies org.scala-lang#scala-compiler;2.10.2->org.scala-lang#scala-library;2.10.2 [compile->compile]
loadData of org.scala-lang#scala-library;2.10.2 of rootConf=default
== resolving dependencies org.scala-lang#scala-compiler;2.10.2->org.scala-lang#scala-library;2.10.2 [compile->master]
loadData of org.scala-lang#scala-library;2.10.2 of rootConf=default
== resolving dependencies org.scala-lang#scala-compiler;2.10.2->org.scala-lang#scala-reflect;2.10.2 [compile->master(*)]
loadData of org.scala-lang#scala-reflect;2.10.2 of rootConf=default
	using redefined-public to resolve org.scala-lang#scala-reflect;2.10.2
redefined-public: Checking cache for: dependency: org.scala-lang#scala-reflect;2.10.2 {compile=[compile(*), master(*)], runtime=[runtime(*)]}
	no ivy file in cache for org.scala-lang#scala-reflect;2.10.2: tried /home/dalek49/Documents/koans/scala/ivyrepo/cache/org.scala-lang/scala-reflect/ivy-2.10.2.xml
	no ivy file in cache for org.scala-lang#scala-reflect;2.10.2: tried /home/dalek49/Documents/koans/scala/ivyrepo/cache/org.scala-lang/scala-reflect/ivy-2.10.2.xml
	 trying /home/dalek49/Documents/koans/scala/ivyrepo/local/org.scala-lang/scala-reflect/2.10.2/ivys/ivy.xml
		tried /home/dalek49/Documents/koans/scala/ivyrepo/local/org.scala-lang/scala-reflect/2.10.2/ivys/ivy.xml
	local: resource not reachable for org.scala-lang#scala-reflect;2.10.2: res=/home/dalek49/Documents/koans/scala/ivyrepo/local/org.scala-lang/scala-reflect/2.10.2/ivys/ivy.xml
	local: no ivy file found for org.scala-lang#scala-reflect;2.10.2
	no ivy file in cache for org.scala-lang#scala-reflect;2.10.2: tried /home/dalek49/Documents/koans/scala/ivyrepo/cache/org.scala-lang/scala-reflect/ivy-2.10.2.xml
	 trying http://repo.typesafe.com/typesafe/ivy-releases/org.scala-lang/scala-reflect/2.10.2/ivys/ivy.xml
		tried http://repo.typesafe.com/typesafe/ivy-releases/org.scala-lang/scala-reflect/2.10.2/ivys/ivy.xml
HTTP response status: 404 url=http://repo.typesafe.com/typesafe/ivy-releases/org.scala-lang/scala-reflect/2.10.2/ivys/ivy.xml
CLIENT ERROR: Not Found url=http://repo.typesafe.com/typesafe/ivy-releases/org.scala-lang/scala-reflect/2.10.2/ivys/ivy.xml
	typesafe-ivy-releases: resource not reachable for org.scala-lang#scala-reflect;2.10.2: res=http://repo.typesafe.com/typesafe/ivy-releases/org.scala-lang/scala-reflect/2.10.2/ivys/ivy.xml
	typesafe-ivy-releases: no ivy file found for org.scala-lang#scala-reflect;2.10.2
	no ivy file in cache for org.scala-lang#scala-reflect;2.10.2: tried /home/dalek49/Documents/koans/scala/ivyrepo/cache/org.scala-lang/scala-reflect/ivy-2.10.2.xml
	 trying http://repo1.maven.org/maven2/org/scala-lang/scala-reflect/2.10.2/scala-reflect-2.10.2.pom
		tried http://repo1.maven.org/maven2/org/scala-lang/scala-reflect/2.10.2/scala-reflect-2.10.2.pom
	Maven Central: found md file for org.scala-lang#scala-reflect;2.10.2
		=> http://repo1.maven.org/maven2/org/scala-lang/scala-reflect/2.10.2/scala-reflect-2.10.2.pom (2.10.2)
	parser = pom parser
	no ivy file in cache for org.scala-lang#scala-reflect;2.10.2: tried /home/dalek49/Documents/koans/scala/ivyrepo/cache/org.scala-lang/scala-reflect/ivy-2.10.2.xml
downloading http://repo1.maven.org/maven2/org/scala-lang/scala-reflect/2.10.2/scala-reflect-2.10.2.pom ...
	Maven Central: downloading http://repo1.maven.org/maven2/org/scala-lang/scala-reflect/2.10.2/scala-reflect-2.10.2.pom
		to /home/dalek49/Documents/koans/scala/ivyrepo/cache/org.scala-lang/scala-reflect/ivy-2.10.2.xml.original.part
sha1 file found for http://repo1.maven.org/maven2/org/scala-lang/scala-reflect/2.10.2/scala-reflect-2.10.2.pom: checking...
	Maven Central: downloading http://repo1.maven.org/maven2/org/scala-lang/scala-reflect/2.10.2/scala-reflect-2.10.2.pom.sha1
		to /tmp/ivytmp8899575754977069845sha1
sha1 OK for http://repo1.maven.org/maven2/org/scala-lang/scala-reflect/2.10.2/scala-reflect-2.10.2.pom
	[SUCCESSFUL ] org.scala-lang#scala-reflect;2.10.2!scala-reflect.pom(pom.original) (166ms)
	 trying /home/dalek49/Documents/koans/scala/ivyrepo/local/org.scala-lang/scala-reflect/2.10.2/jars/scala-reflect.jar
		tried /home/dalek49/Documents/koans/scala/ivyrepo/local/org.scala-lang/scala-reflect/2.10.2/jars/scala-reflect.jar
	local: resource not reachable for org.scala-lang#scala-reflect;2.10.2: res=/home/dalek49/Documents/koans/scala/ivyrepo/local/org.scala-lang/scala-reflect/2.10.2/jars/scala-reflect.jar
	 trying http://repo.typesafe.com/typesafe/ivy-releases/org.scala-lang/scala-reflect/2.10.2/jars/scala-reflect.jar
		tried http://repo.typesafe.com/typesafe/ivy-releases/org.scala-lang/scala-reflect/2.10.2/jars/scala-reflect.jar
HTTP response status: 404 url=http://repo.typesafe.com/typesafe/ivy-releases/org.scala-lang/scala-reflect/2.10.2/jars/scala-reflect.jar
CLIENT ERROR: Not Found url=http://repo.typesafe.com/typesafe/ivy-releases/org.scala-lang/scala-reflect/2.10.2/jars/scala-reflect.jar
	typesafe-ivy-releases: resource not reachable for org.scala-lang#scala-reflect;2.10.2: res=http://repo.typesafe.com/typesafe/ivy-releases/org.scala-lang/scala-reflect/2.10.2/jars/scala-reflect.jar
	 trying http://repo1.maven.org/maven2/org/scala-lang/scala-reflect/2.10.2/scala-reflect-2.10.2.jar
		tried http://repo1.maven.org/maven2/org/scala-lang/scala-reflect/2.10.2/scala-reflect-2.10.2.jar
no source artifact found for org.scala-lang#scala-reflect;2.10.2
no javadoc artifact found for org.scala-lang#scala-reflect;2.10.2
	default-cache: parsed downloaded md file for org.scala-lang#scala-reflect;2.10.2; parsed=org.scala-lang#scala-reflect;2.10.2
	checking org.scala-lang#scala-reflect;2.10.2 from Maven Central against [none]
	module revision kept as first found: org.scala-lang#scala-reflect;2.10.2 from Maven Central
	found org.scala-lang#scala-reflect;2.10.2 in Maven Central
== resolving dependencies org.scala-lang#scala-compiler;2.10.2->org.scala-lang#scala-reflect;2.10.2 [compile->compile(*)]
loadData of org.scala-lang#scala-reflect;2.10.2 of rootConf=default
== resolving dependencies org.scala-lang#scala-reflect;2.10.2->org.scala-lang#scala-library;2.10.2 [compile->master(*)]
loadData of org.scala-lang#scala-library;2.10.2 of rootConf=default
default is loaded and no conf to load.  Skip loading
== resolving dependencies org.scala-lang#scala-reflect;2.10.2->org.scala-lang#scala-library;2.10.2 [compile->compile(*)]
loadData of org.scala-lang#scala-library;2.10.2 of rootConf=default
default is loaded and no conf to load.  Skip loading
== resolving dependencies org.scala-lang#scala-compiler;2.10.2->org.scala-lang#scala-library;2.10.2 [runtime->runtime(*)]
loadData of org.scala-lang#scala-library;2.10.2 of rootConf=default
== resolving dependencies org.scala-lang#scala-compiler;2.10.2->org.scala-lang#scala-library;2.10.2 [runtime->compile]
loadData of org.scala-lang#scala-library;2.10.2 of rootConf=default
default is loaded and no conf to load.  Skip loading
== resolving dependencies org.scala-lang#scala-compiler;2.10.2->org.scala-lang#scala-reflect;2.10.2 [runtime->runtime(*)]
loadData of org.scala-lang#scala-reflect;2.10.2 of rootConf=default
== resolving dependencies org.scala-lang#scala-compiler;2.10.2->org.scala-lang#scala-reflect;2.10.2 [runtime->compile]
loadData of org.scala-lang#scala-reflect;2.10.2 of rootConf=default
== resolving dependencies org.scala-lang#scala-reflect;2.10.2->org.scala-lang#scala-library;2.10.2 [runtime->runtime(*)]
loadData of org.scala-lang#scala-library;2.10.2 of rootConf=default
default is loaded and no conf to load.  Skip loading
== resolving dependencies org.scala-lang#scala-reflect;2.10.2->org.scala-lang#scala-library;2.10.2 [runtime->compile]
loadData of org.scala-lang#scala-library;2.10.2 of rootConf=default
default is loaded and no conf to load.  Skip loading
== resolving dependencies org.scala-sbt#boot-scala;1.0->org.scala-lang#scala-compiler;2.10.2 [default->master]
loadData of org.scala-lang#scala-compiler;2.10.2 of rootConf=default
== resolving dependencies org.scala-sbt#boot-scala;1.0->org.scala-lang#scala-compiler;2.10.2 [default->optional(default)]
loadData of org.scala-lang#scala-compiler;2.10.2 of rootConf=default
== resolving dependencies org.scala-lang#scala-compiler;2.10.2->org.scala-lang#jline;2.10.2 [optional->master(*)]
loadData of org.scala-lang#jline;2.10.2 of rootConf=default
	using redefined-public to resolve org.scala-lang#jline;2.10.2
redefined-public: Checking cache for: dependency: org.scala-lang#jline;2.10.2 {optional=[compile(*), master(*)]}
	no ivy file in cache for org.scala-lang#jline;2.10.2: tried /home/dalek49/Documents/koans/scala/ivyrepo/cache/org.scala-lang/jline/ivy-2.10.2.xml
	no ivy file in cache for org.scala-lang#jline;2.10.2: tried /home/dalek49/Documents/koans/scala/ivyrepo/cache/org.scala-lang/jline/ivy-2.10.2.xml
	 trying /home/dalek49/Documents/koans/scala/ivyrepo/local/org.scala-lang/jline/2.10.2/ivys/ivy.xml
		tried /home/dalek49/Documents/koans/scala/ivyrepo/local/org.scala-lang/jline/2.10.2/ivys/ivy.xml
	local: resource not reachable for org.scala-lang#jline;2.10.2: res=/home/dalek49/Documents/koans/scala/ivyrepo/local/org.scala-lang/jline/2.10.2/ivys/ivy.xml
	local: no ivy file found for org.scala-lang#jline;2.10.2
	no ivy file in cache for org.scala-lang#jline;2.10.2: tried /home/dalek49/Documents/koans/scala/ivyrepo/cache/org.scala-lang/jline/ivy-2.10.2.xml
	 trying http://repo.typesafe.com/typesafe/ivy-releases/org.scala-lang/jline/2.10.2/ivys/ivy.xml
		tried http://repo.typesafe.com/typesafe/ivy-releases/org.scala-lang/jline/2.10.2/ivys/ivy.xml
HTTP response status: 404 url=http://repo.typesafe.com/typesafe/ivy-releases/org.scala-lang/jline/2.10.2/ivys/ivy.xml
CLIENT ERROR: Not Found url=http://repo.typesafe.com/typesafe/ivy-releases/org.scala-lang/jline/2.10.2/ivys/ivy.xml
	typesafe-ivy-releases: resource not reachable for org.scala-lang#jline;2.10.2: res=http://repo.typesafe.com/typesafe/ivy-releases/org.scala-lang/jline/2.10.2/ivys/ivy.xml
	typesafe-ivy-releases: no ivy file found for org.scala-lang#jline;2.10.2
	no ivy file in cache for org.scala-lang#jline;2.10.2: tried /home/dalek49/Documents/koans/scala/ivyrepo/cache/org.scala-lang/jline/ivy-2.10.2.xml
	 trying http://repo1.maven.org/maven2/org/scala-lang/jline/2.10.2/jline-2.10.2.pom
		tried http://repo1.maven.org/maven2/org/scala-lang/jline/2.10.2/jline-2.10.2.pom
	Maven Central: found md file for org.scala-lang#jline;2.10.2
		=> http://repo1.maven.org/maven2/org/scala-lang/jline/2.10.2/jline-2.10.2.pom (2.10.2)
	parser = pom parser
	no ivy file in cache for org.scala-lang#jline;2.10.2: tried /home/dalek49/Documents/koans/scala/ivyrepo/cache/org.scala-lang/jline/ivy-2.10.2.xml
downloading http://repo1.maven.org/maven2/org/scala-lang/jline/2.10.2/jline-2.10.2.pom ...
	Maven Central: downloading http://repo1.maven.org/maven2/org/scala-lang/jline/2.10.2/jline-2.10.2.pom
		to /home/dalek49/Documents/koans/scala/ivyrepo/cache/org.scala-lang/jline/ivy-2.10.2.xml.original.part
sha1 file found for http://repo1.maven.org/maven2/org/scala-lang/jline/2.10.2/jline-2.10.2.pom: checking...
	Maven Central: downloading http://repo1.maven.org/maven2/org/scala-lang/jline/2.10.2/jline-2.10.2.pom.sha1
		to /tmp/ivytmp1309386606138017372sha1
sha1 OK for http://repo1.maven.org/maven2/org/scala-lang/jline/2.10.2/jline-2.10.2.pom
	[SUCCESSFUL ] org.scala-lang#jline;2.10.2!jline.pom(pom.original) (154ms)
	 trying /home/dalek49/Documents/koans/scala/ivyrepo/local/org.scala-lang/jline/2.10.2/jars/jline.jar
		tried /home/dalek49/Documents/koans/scala/ivyrepo/local/org.scala-lang/jline/2.10.2/jars/jline.jar
	local: resource not reachable for org.scala-lang#jline;2.10.2: res=/home/dalek49/Documents/koans/scala/ivyrepo/local/org.scala-lang/jline/2.10.2/jars/jline.jar
	 trying http://repo.typesafe.com/typesafe/ivy-releases/org.scala-lang/jline/2.10.2/jars/jline.jar
		tried http://repo.typesafe.com/typesafe/ivy-releases/org.scala-lang/jline/2.10.2/jars/jline.jar
HTTP response status: 404 url=http://repo.typesafe.com/typesafe/ivy-releases/org.scala-lang/jline/2.10.2/jars/jline.jar
CLIENT ERROR: Not Found url=http://repo.typesafe.com/typesafe/ivy-releases/org.scala-lang/jline/2.10.2/jars/jline.jar
	typesafe-ivy-releases: resource not reachable for org.scala-lang#jline;2.10.2: res=http://repo.typesafe.com/typesafe/ivy-releases/org.scala-lang/jline/2.10.2/jars/jline.jar
	 trying http://repo1.maven.org/maven2/org/scala-lang/jline/2.10.2/jline-2.10.2.jar
		tried http://repo1.maven.org/maven2/org/scala-lang/jline/2.10.2/jline-2.10.2.jar
no source artifact found for org.scala-lang#jline;2.10.2
no javadoc artifact found for org.scala-lang#jline;2.10.2
	default-cache: parsed downloaded md file for org.scala-lang#jline;2.10.2; parsed=org.scala-lang#jline;2.10.2
	checking org.scala-lang#jline;2.10.2 from Maven Central against [none]
	module revision kept as first found: org.scala-lang#jline;2.10.2 from Maven Central
	found org.scala-lang#jline;2.10.2 in Maven Central
== resolving dependencies org.scala-lang#scala-compiler;2.10.2->org.scala-lang#jline;2.10.2 [optional->compile(*)]
loadData of org.scala-lang#jline;2.10.2 of rootConf=default
== resolving dependencies org.scala-lang#jline;2.10.2->org.fusesource.jansi#jansi;1.4 [compile->master(*)]
loadData of org.fusesource.jansi#jansi;1.4 of rootConf=default
	using redefined-public to resolve org.fusesource.jansi#jansi;1.4
redefined-public: Checking cache for: dependency: org.fusesource.jansi#jansi;1.4 {compile=[compile(*), master(*)], runtime=[runtime(*)]}
No entry is found in the ModuleDescriptorCache : /home/dalek49/Documents/koans/scala/ivyrepo/cache/org.fusesource.jansi/jansi/ivy-1.4.xml
post 1.3 ivy file: using exact as default matcher
	resolver not found: null => trying to use the one configured for org.fusesource.jansi#jansi;1.4
	configured resolver found for org.fusesource.jansi#jansi;1.4: redefined-public: saving this data
	found ivy file in cache for org.fusesource.jansi#jansi;1.4 (resolved by redefined-public): /home/dalek49/Documents/koans/scala/ivyrepo/cache/org.fusesource.jansi/jansi/ivy-1.4.xml
redefined-public: module revision found in cache: org.fusesource.jansi#jansi;1.4
	found org.fusesource.jansi#jansi;1.4 in redefined-public
== resolving dependencies org.scala-lang#jline;2.10.2->org.fusesource.jansi#jansi;1.4 [compile->compile(*)]
loadData of org.fusesource.jansi#jansi;1.4 of rootConf=default
== resolving dependencies org.scala-sbt#boot-scala;1.0->org.scala-lang#scala-library;2.10.2 [default->default]
loadData of org.scala-lang#scala-library;2.10.2 of rootConf=default
default is loaded and no conf to load.  Skip loading
== resolving dependencies org.scala-sbt#boot-scala;1.0->org.scala-lang#scala-library;2.10.2 [default->runtime]
loadData of org.scala-lang#scala-library;2.10.2 of rootConf=default
default is loaded and no conf to load.  Skip loading
== resolving dependencies org.scala-sbt#boot-scala;1.0->org.scala-lang#scala-library;2.10.2 [default->compile]
loadData of org.scala-lang#scala-library;2.10.2 of rootConf=default
default is loaded and no conf to load.  Skip loading
== resolving dependencies org.scala-sbt#boot-scala;1.0->org.scala-lang#scala-library;2.10.2 [default->master]
loadData of org.scala-lang#scala-library;2.10.2 of rootConf=default
default is loaded and no conf to load.  Skip loading
Nbr of module to sort : 5
Sort dependencies of : org.scala-lang#scala-compiler;2.10.2 / Number of dependencies = 3
Sort dependencies of : org.scala-lang#scala-library;2.10.2 / Number of dependencies = 0
Sort done for : org.scala-lang#scala-library;2.10.2
Sort dependencies of : org.scala-lang#scala-reflect;2.10.2 / Number of dependencies = 1
Module descriptor is processed : org.scala-lang#scala-library;2.10.2
Sort done for : org.scala-lang#scala-reflect;2.10.2
Sort dependencies of : org.scala-lang#jline;2.10.2 / Number of dependencies = 1
Sort dependencies of : org.fusesource.jansi#jansi;1.4 / Number of dependencies = 1
Sort done for : org.fusesource.jansi#jansi;1.4
Sort done for : org.scala-lang#jline;2.10.2
Sort done for : org.scala-lang#scala-compiler;2.10.2
Module descriptor is processed : org.scala-lang#scala-library;2.10.2
Module descriptor is processed : org.scala-lang#scala-reflect;2.10.2
Module descriptor is processed : org.scala-lang#jline;2.10.2
Module descriptor is processed : org.fusesource.jansi#jansi;1.4
	resolved ivy file produced in /home/dalek49/Documents/koans/scala/sbtboot/resolution-cache/resolved-org.scala-sbt-boot-scala-1.0.xml
:: downloading artifacts ::
	 trying http://repo1.maven.org/maven2/org/scala-lang/scala-compiler/2.10.2/scala-compiler-2.10.2.jar
		tried http://repo1.maven.org/maven2/org/scala-lang/scala-compiler/2.10.2/scala-compiler-2.10.2.jar
downloading http://repo1.maven.org/maven2/org/scala-lang/scala-compiler/2.10.2/scala-compiler-2.10.2.jar ...
	Maven Central: downloading http://repo1.maven.org/maven2/org/scala-lang/scala-compiler/2.10.2/scala-compiler-2.10.2.jar
		to /home/dalek49/Documents/koans/scala/ivyrepo/cache/org.scala-lang/scala-compiler/jars/scala-compiler-2.10.2.jar.part
sha1 file found for http://repo1.maven.org/maven2/org/scala-lang/scala-compiler/2.10.2/scala-compiler-2.10.2.jar: checking...
	Maven Central: downloading http://repo1.maven.org/maven2/org/scala-lang/scala-compiler/2.10.2/scala-compiler-2.10.2.jar.sha1
		to /tmp/ivytmp4461093544762884403sha1
sha1 OK for http://repo1.maven.org/maven2/org/scala-lang/scala-compiler/2.10.2/scala-compiler-2.10.2.jar
	[SUCCESSFUL ] org.scala-lang#scala-compiler;2.10.2!scala-compiler.jar (10102ms)
	 trying http://repo1.maven.org/maven2/org/scala-lang/scala-library/2.10.2/scala-library-2.10.2.jar
		tried http://repo1.maven.org/maven2/org/scala-lang/scala-library/2.10.2/scala-library-2.10.2.jar
downloading http://repo1.maven.org/maven2/org/scala-lang/scala-library/2.10.2/scala-library-2.10.2.jar ...
	Maven Central: downloading http://repo1.maven.org/maven2/org/scala-lang/scala-library/2.10.2/scala-library-2.10.2.jar
		to /home/dalek49/Documents/koans/scala/ivyrepo/cache/org.scala-lang/scala-library/jars/scala-library-2.10.2.jar.part
sha1 file found for http://repo1.maven.org/maven2/org/scala-lang/scala-library/2.10.2/scala-library-2.10.2.jar: checking...
	Maven Central: downloading http://repo1.maven.org/maven2/org/scala-lang/scala-library/2.10.2/scala-library-2.10.2.jar.sha1
		to /tmp/ivytmp8905841206706934545sha1
sha1 OK for http://repo1.maven.org/maven2/org/scala-lang/scala-library/2.10.2/scala-library-2.10.2.jar
	[SUCCESSFUL ] org.scala-lang#scala-library;2.10.2!scala-library.jar (4017ms)
	 trying http://repo1.maven.org/maven2/org/scala-lang/scala-reflect/2.10.2/scala-reflect-2.10.2.jar
		tried http://repo1.maven.org/maven2/org/scala-lang/scala-reflect/2.10.2/scala-reflect-2.10.2.jar
downloading http://repo1.maven.org/maven2/org/scala-lang/scala-reflect/2.10.2/scala-reflect-2.10.2.jar ...
	Maven Central: downloading http://repo1.maven.org/maven2/org/scala-lang/scala-reflect/2.10.2/scala-reflect-2.10.2.jar
		to /home/dalek49/Documents/koans/scala/ivyrepo/cache/org.scala-lang/scala-reflect/jars/scala-reflect-2.10.2.jar.part
sha1 file found for http://repo1.maven.org/maven2/org/scala-lang/scala-reflect/2.10.2/scala-reflect-2.10.2.jar: checking...
	Maven Central: downloading http://repo1.maven.org/maven2/org/scala-lang/scala-reflect/2.10.2/scala-reflect-2.10.2.jar.sha1
		to /tmp/ivytmp5076548823333776512sha1
sha1 OK for http://repo1.maven.org/maven2/org/scala-lang/scala-reflect/2.10.2/scala-reflect-2.10.2.jar
	[SUCCESSFUL ] org.scala-lang#scala-reflect;2.10.2!scala-reflect.jar (2168ms)
	 trying http://repo1.maven.org/maven2/org/scala-lang/jline/2.10.2/jline-2.10.2.jar
		tried http://repo1.maven.org/maven2/org/scala-lang/jline/2.10.2/jline-2.10.2.jar
downloading http://repo1.maven.org/maven2/org/scala-lang/jline/2.10.2/jline-2.10.2.jar ...
	Maven Central: downloading http://repo1.maven.org/maven2/org/scala-lang/jline/2.10.2/jline-2.10.2.jar
		to /home/dalek49/Documents/koans/scala/ivyrepo/cache/org.scala-lang/jline/jars/jline-2.10.2.jar.part
sha1 file found for http://repo1.maven.org/maven2/org/scala-lang/jline/2.10.2/jline-2.10.2.jar: checking...
	Maven Central: downloading http://repo1.maven.org/maven2/org/scala-lang/jline/2.10.2/jline-2.10.2.jar.sha1
		to /tmp/ivytmp8702380074205313032sha1
sha1 OK for http://repo1.maven.org/maven2/org/scala-lang/jline/2.10.2/jline-2.10.2.jar
	[SUCCESSFUL ] org.scala-lang#jline;2.10.2!jline.jar (303ms)
	[NOT REQUIRED] org.fusesource.jansi#jansi;1.4!jansi.jar
:: resolution report :: resolve 1869ms :: artifacts dl 16594ms
Nbr of module to sort : 5
Sort dependencies of : org.scala-lang#scala-compiler;2.10.2 / Number of dependencies = 3
Sort dependencies of : org.scala-lang#scala-library;2.10.2 / Number of dependencies = 0
Sort done for : org.scala-lang#scala-library;2.10.2
Sort dependencies of : org.scala-lang#scala-reflect;2.10.2 / Number of dependencies = 1
Module descriptor is processed : org.scala-lang#scala-library;2.10.2
Sort done for : org.scala-lang#scala-reflect;2.10.2
Sort dependencies of : org.scala-lang#jline;2.10.2 / Number of dependencies = 1
Sort dependencies of : org.fusesource.jansi#jansi;1.4 / Number of dependencies = 1
Sort done for : org.fusesource.jansi#jansi;1.4
Sort done for : org.scala-lang#jline;2.10.2
Sort done for : org.scala-lang#scala-compiler;2.10.2
Module descriptor is processed : org.scala-lang#scala-library;2.10.2
Module descriptor is processed : org.scala-lang#scala-reflect;2.10.2
Module descriptor is processed : org.scala-lang#jline;2.10.2
Module descriptor is processed : org.fusesource.jansi#jansi;1.4
	report for org.scala-sbt#boot-scala;1.0 default produced in /home/dalek49/Documents/koans/scala/sbtboot/resolution-cache/org.scala-sbt-boot-scala-default.xml
	resolve done (1869ms resolve - 16594ms download)
setting 'scala' to '2.10.2'
:: retrieving :: org.scala-sbt#boot-scala
	checkUpToDate=true
no explicit confs given for retrieve, using ivy file: /home/dalek49/Documents/koans/scala/sbtboot/resolution-cache/resolved-org.scala-sbt-boot-scala-1.0.xml
using ivy parser to parse /home/dalek49/Documents/koans/scala/sbtboot/resolution-cache/resolved-org.scala-sbt-boot-scala-1.0.xml
post 1.3 ivy file: using exact as default matcher
	confs: [default]
	retrieving /home/dalek49/Documents/koans/scala/ivyrepo/cache/org.fusesource.jansi/jansi/jars/jansi-1.4.jar
		to /home/dalek49/Documents/koans/scala/sbtboot/scala-2.10.2/lib/jansi.jar
	retrieving /home/dalek49/Documents/koans/scala/ivyrepo/cache/org.scala-lang/scala-library/jars/scala-library-2.10.2.jar
		to /home/dalek49/Documents/koans/scala/sbtboot/scala-2.10.2/lib/scala-library.jar
	retrieving /home/dalek49/Documents/koans/scala/ivyrepo/cache/org.scala-lang/scala-compiler/jars/scala-compiler-2.10.2.jar
		to /home/dalek49/Documents/koans/scala/sbtboot/scala-2.10.2/lib/scala-compiler.jar
	retrieving /home/dalek49/Documents/koans/scala/ivyrepo/cache/org.scala-lang/jline/jars/jline-2.10.2.jar
		to /home/dalek49/Documents/koans/scala/sbtboot/scala-2.10.2/lib/jline.jar
	retrieving /home/dalek49/Documents/koans/scala/ivyrepo/cache/org.scala-lang/scala-reflect/jars/scala-reflect-2.10.2.jar
		to /home/dalek49/Documents/koans/scala/sbtboot/scala-2.10.2/lib/scala-reflect.jar
	5 artifacts copied, 0 already retrieved (24390kB/27ms)
	retrieve done (27ms)
